ncmanstreet/build/outputs/logs/manifest-merger-release-report.txt
-- Merging decision tree log ---
manifest
ADDED from src/main/AndroidManifest.xml:2:1-394:12
INJECTED from src/main/AndroidManifest.xml:2:1-394:12
INJECTED from src/main/AndroidManifest.xml:2:1-394:12
INJECTED from src/main/AndroidManifest.xml:2:1-394:12
MERGED from [:zxing-lib] AndroidManifest.xml:2:1-17:12
MERGED from [com.google.android.material:material:1.0.0-beta01] AndroidManifest.xml:17:1-24:12
MERGED from [androidx.appcompat:appcompat:1.0.2] AndroidManifest.xml:17:1-22:12
MERGED from [androidx.constraintlayout:constraintlayout:1.1.3] AndroidManifest.xml:2:1-11:12
MERGED from [org.litepal.android:core:1.4.1] AndroidManifest.xml:2:1-16:12
MERGED from [androidx.cardview:cardview:1.0.0-beta01] AndroidManifest.xml:17:1-22:12
MERGED from [de.hdodenhof:circleimageview:2.2.0] AndroidManifest.xml:2:1-11:12
MERGED from [androidx.palette:palette:1.0.0-beta01] AndroidManifest.xml:17:1-22:12
MERGED from [androidx.percentlayout:percentlayout:1.0.0-beta01] AndroidManifest.xml:17:1-22:12
MERGED from [com.orhanobut:logger:1.15] AndroidManifest.xml:2:1-8:12
MERGED from [io.reactivex:rxandroid:1.2.1] AndroidManifest.xml:15:1-21:12
MERGED from [androidx.recyclerview:recyclerview:1.0.0-rc01] AndroidManifest.xml:17:1-22:12
MERGED from [com.jakewharton:butterknife:10.1.0] AndroidManifest.xml:2:1-7:12
MERGED from [androidx.multidex:multidex:2.0.0] AndroidManifest.xml:17:1-22:12
MERGED from [cn.smssdk:SMSSDK:3.3.2] AndroidManifest.xml:2:1-11:12
MERGED from [cn.smssdk:ShortMessageSDKGUI:3.3.2] AndroidManifest.xml:2:1-16:12
MERGED from [androidx.fragment:fragment:1.0.0] AndroidManifest.xml:17:1-22:12
MERGED from [androidx.vectordrawable:vectordrawable-animated:1.0.0] AndroidManifest.xml:17:1-22:12
MERGED from [androidx.legacy:legacy-support-core-ui:1.0.0] AndroidManifest.xml:17:1-22:12
MERGED from [androidx.legacy:legacy-support-core-utils:1.0.0] AndroidManifest.xml:17:1-22:12
MERGED from [androidx.vectordrawable:vectordrawable:1.0.1] AndroidManifest.xml:17:1-22:12
MERGED from [androidx.transition:transition:1.0.0-beta01] AndroidManifest.xml:17:1-22:12
MERGED from [com.jakewharton:butterknife-runtime:10.1.0] AndroidManifest.xml:2:1-7:12
MERGED from [androidx.loader:loader:1.0.0] AndroidManifest.xml:17:1-22:12
MERGED from [androidx.viewpager:viewpager:1.0.0] AndroidManifest.xml:17:1-22:12
MERGED from [androidx.coordinatorlayout:coordinatorlayout:1.0.0] AndroidManifest.xml:17:1-22:12
MERGED from [androidx.drawerlayout:drawerlayout:1.0.0] AndroidManifest.xml:17:1-22:12
MERGED from [androidx.slidingpanelayout:slidingpanelayout:1.0.0] AndroidManifest.xml:17:1-22:12
MERGED from [androidx.customview:customview:1.0.0] AndroidManifest.xml:17:1-22:12
MERGED from [androidx.swiperefreshlayout:swiperefreshlayout:1.0.0] AndroidManifest.xml:17:1-22:12
MERGED from [androidx.asynclayoutinflater:asynclayoutinflater:1.0.0] AndroidManifest.xml:17:1-22:12
MERGED from [androidx.core:core:1.0.1] AndroidManifest.xml:17:1-24:12
MERGED from [androidx.versionedparcelable:versionedparcelable:1.0.0] AndroidManifest.xml:17:1-25:12
MERGED from [androidx.cursoradapter:cursoradapter:1.0.0] AndroidManifest.xml:17:1-22:12
MERGED from [androidx.lifecycle:lifecycle-runtime:2.0.0] AndroidManifest.xml:17:1-22:12
MERGED from [androidx.documentfile:documentfile:1.0.0] AndroidManifest.xml:17:1-22:12
MERGED from [androidx.localbroadcastmanager:localbroadcastmanager:1.0.0] AndroidManifest.xml:17:1-22:12
MERGED from [androidx.print:print:1.0.0] AndroidManifest.xml:17:1-22:12
MERGED from [androidx.lifecycle:lifecycle-viewmodel:2.0.0] AndroidManifest.xml:17:1-22:12
MERGED from [androidx.lifecycle:lifecycle-livedata:2.0.0] AndroidManifest.xml:17:1-22:12
MERGED from [androidx.lifecycle:lifecycle-livedata-core:2.0.0] AndroidManifest.xml:17:1-22:12
MERGED from [androidx.arch.core:core-runtime:2.0.0] AndroidManifest.xml:17:1-22:12
MERGED from [androidx.interpolator:interpolator:1.0.0] AndroidManifest.xml:17:1-22:12
INJECTED from src/main/AndroidManifest.xml:2:1-394:12
INJECTED from src/main/AndroidManifest.xml:2:1-394:12
INJECTED from src/main/AndroidManifest.xml:2:1-394:12
	package
		ADDED from src/main/AndroidManifest.xml:4:5-33
		INJECTED from src/main/AndroidManifest.xml
		INJECTED from src/main/AndroidManifest.xml
	android:versionName
		INJECTED from src/main/AndroidManifest.xml
		ADDED from src/main/AndroidManifest.xml:2:1-394:12
		INJECTED from src/main/AndroidManifest.xml
	xmlns:tools
		ADDED from src/main/AndroidManifest.xml:3:5-51
	android:versionCode
		INJECTED from src/main/AndroidManifest.xml
		ADDED from src/main/AndroidManifest.xml:2:1-394:12
		INJECTED from src/main/AndroidManifest.xml
	xmlns:android
		ADDED from src/main/AndroidManifest.xml:2:11-69
application
ADDED from src/main/AndroidManifest.xml:6:5-338:19
MERGED from [com.google.android.material:material:1.0.0-beta01] AndroidManifest.xml:22:5-20
MERGED from [com.google.android.material:material:1.0.0-beta01] AndroidManifest.xml:22:5-20
MERGED from [androidx.constraintlayout:constraintlayout:1.1.3] AndroidManifest.xml:9:5-20
MERGED from [androidx.constraintlayout:constraintlayout:1.1.3] AndroidManifest.xml:9:5-20
MERGED from [org.litepal.android:core:1.4.1] AndroidManifest.xml:11:5-14:19
MERGED from [org.litepal.android:core:1.4.1] AndroidManifest.xml:11:5-14:19
MERGED from [de.hdodenhof:circleimageview:2.2.0] AndroidManifest.xml:9:5-20
MERGED from [de.hdodenhof:circleimageview:2.2.0] AndroidManifest.xml:9:5-20
MERGED from [cn.smssdk:ShortMessageSDKGUI:3.3.2] AndroidManifest.xml:13:5-14:19
MERGED from [cn.smssdk:ShortMessageSDKGUI:3.3.2] AndroidManifest.xml:13:5-14:19
MERGED from [androidx.core:core:1.0.1] AndroidManifest.xml:22:5-89
MERGED from [androidx.core:core:1.0.1] AndroidManifest.xml:22:5-89
MERGED from [androidx.versionedparcelable:versionedparcelable:1.0.0] AndroidManifest.xml:22:5-23:19
MERGED from [androidx.versionedparcelable:versionedparcelable:1.0.0] AndroidManifest.xml:22:5-23:19
	android:appComponentFactory
		ADDED from [androidx.core:core:1.0.1] AndroidManifest.xml:22:18-86
	android:supportsRtl
		ADDED from src/main/AndroidManifest.xml:13:9-35
	android:label
		ADDED from src/main/AndroidManifest.xml:10:9-41
	android:roundIcon
		ADDED from src/main/AndroidManifest.xml:12:9-54
	android:icon
		ADDED from src/main/AndroidManifest.xml:9:9-43
	android:allowBackup
		ADDED from src/main/AndroidManifest.xml:8:9-35
	android:theme
		ADDED from src/main/AndroidManifest.xml:14:9-40
	android:networkSecurityConfig
		ADDED from src/main/AndroidManifest.xml:11:9-69
	android:name
		ADDED from src/main/AndroidManifest.xml:7:9-68
service#com.baidu.location.f
ADDED from src/main/AndroidManifest.xml:17:9-20:41
	android:process
		ADDED from src/main/AndroidManifest.xml:20:13-38
	android:enabled
		ADDED from src/main/AndroidManifest.xml:19:13-35
	android:name
		ADDED from src/main/AndroidManifest.xml:18:13-48
activity#com.rcs.nchumanity.ul.basicMap.BasicMapActivity
ADDED from src/main/AndroidManifest.xml:22:9-24:61
	android:screenOrientation
		ADDED from src/main/AndroidManifest.xml:24:13-49
	android:name
		ADDED from src/main/AndroidManifest.xml:23:13-57
activity#com.rcs.nchumanity.ul.MainActivity
ADDED from src/main/AndroidManifest.xml:30:9-39:20
	android:screenOrientation
		ADDED from src/main/AndroidManifest.xml:32:13-49
	android:name
		ADDED from src/main/AndroidManifest.xml:31:13-44
intent-filter#action:name:android.intent.action.MAIN+category:name:android.intent.category.LAUNCHER
ADDED from src/main/AndroidManifest.xml:34:13-37:29
action#android.intent.action.MAIN
ADDED from src/main/AndroidManifest.xml:35:17-69
	android:name
		ADDED from src/main/AndroidManifest.xml:35:25-66
category#android.intent.category.LAUNCHER
ADDED from src/main/AndroidManifest.xml:36:17-77
	android:name
		ADDED from src/main/AndroidManifest.xml:36:27-74
activity#com.rcs.nchumanity.ul.InputPasswordActivity
ADDED from src/main/AndroidManifest.xml:41:9-45:20
	android:screenOrientation
		ADDED from src/main/AndroidManifest.xml:43:13-49
	android:name
		ADDED from src/main/AndroidManifest.xml:42:13-53
activity#com.rcs.nchumanity.ul.ValidateCodeActivity
ADDED from src/main/AndroidManifest.xml:48:9-54:20
	android:screenOrientation
		ADDED from src/main/AndroidManifest.xml:51:13-49
	android:label
		ADDED from src/main/AndroidManifest.xml:50:13-65
	android:theme
		ADDED from src/main/AndroidManifest.xml:52:13-56
	android:name
		ADDED from src/main/AndroidManifest.xml:49:13-70
activity#com.rcs.nchumanity.ul.RegisterUserActivity
ADDED from src/main/AndroidManifest.xml:55:9-59:20
	android:screenOrientation
		ADDED from src/main/AndroidManifest.xml:57:13-49
	android:name
		ADDED from src/main/AndroidManifest.xml:56:13-70
activity#com.rcs.nchumanity.ul.AssessLoginActivity
ADDED from src/main/AndroidManifest.xml:60:9-62:52
	android:screenOrientation
		ADDED from src/main/AndroidManifest.xml:62:13-49
	android:name
		ADDED from src/main/AndroidManifest.xml:61:13-51
activity#com.rcs.nchumanity.ul.AmbulanceRescueActivity
ADDED from src/main/AndroidManifest.xml:65:9-68:81
	android:screenOrientation
		ADDED from src/main/AndroidManifest.xml:67:13-49
	android:theme
		ADDED from src/main/AndroidManifest.xml:68:13-69
	android:name
		ADDED from src/main/AndroidManifest.xml:66:13-55
activity#com.rcs.nchumanity.ul.IdentityInfoRecordActivity
ADDED from src/main/AndroidManifest.xml:71:9-74:80
	android:screenOrientation
		ADDED from src/main/AndroidManifest.xml:73:13-49
	android:windowSoftInputMode
		ADDED from src/main/AndroidManifest.xml:74:13-68
	android:name
		ADDED from src/main/AndroidManifest.xml:72:13-58
activity#com.rcs.nchumanity.ul.TrainStepActivity
ADDED from src/main/AndroidManifest.xml:75:9-77:61
	android:screenOrientation
		ADDED from src/main/AndroidManifest.xml:77:13-49
	android:name
		ADDED from src/main/AndroidManifest.xml:76:13-49
activity#com.rcs.nchumanity.ul.AssessResultActivity
ADDED from src/main/AndroidManifest.xml:78:9-80:52
	android:screenOrientation
		ADDED from src/main/AndroidManifest.xml:80:13-49
	android:name
		ADDED from src/main/AndroidManifest.xml:79:13-52
activity#com.rcs.nchumanity.ul.EntityCertificateActivity
ADDED from src/main/AndroidManifest.xml:81:9-83:52
	android:screenOrientation
		ADDED from src/main/AndroidManifest.xml:83:13-49
	android:name
		ADDED from src/main/AndroidManifest.xml:82:13-57
activity#com.rcs.nchumanity.ul.MailPostActivity
ADDED from src/main/AndroidManifest.xml:84:9-86:52
	android:screenOrientation
		ADDED from src/main/AndroidManifest.xml:86:13-49
	android:name
		ADDED from src/main/AndroidManifest.xml:85:13-48
activity#com.rcs.nchumanity.ul.SettingActivity
ADDED from src/main/AndroidManifest.xml:87:9-89:52
	android:screenOrientation
		ADDED from src/main/AndroidManifest.xml:89:13-49
	android:name
		ADDED from src/main/AndroidManifest.xml:88:13-47
activity#com.rcs.nchumanity.ul.MyCourseActivity
ADDED from src/main/AndroidManifest.xml:90:9-92:52
	android:screenOrientation
		ADDED from src/main/AndroidManifest.xml:92:13-49
	android:name
		ADDED from src/main/AndroidManifest.xml:91:13-48
activity#com.rcs.nchumanity.ul.ElectronicCertificateActivity
ADDED from src/main/AndroidManifest.xml:93:9-95:52
	android:screenOrientation
		ADDED from src/main/AndroidManifest.xml:95:13-49
	android:name
		ADDED from src/main/AndroidManifest.xml:94:13-61
activity#com.rcs.nchumanity.ul.SelfTakeActivity
ADDED from src/main/AndroidManifest.xml:96:9-98:52
	android:screenOrientation
		ADDED from src/main/AndroidManifest.xml:98:13-49
	android:name
		ADDED from src/main/AndroidManifest.xml:97:13-48
activity#com.rcs.nchumanity.ul.AboutWeActivity
ADDED from src/main/AndroidManifest.xml:99:9-101:52
	android:screenOrientation
		ADDED from src/main/AndroidManifest.xml:101:13-49
	android:name
		ADDED from src/main/AndroidManifest.xml:100:13-47
activity#com.rcs.nchumanity.ul.HelpCenterActivity
ADDED from src/main/AndroidManifest.xml:102:9-104:52
	android:screenOrientation
		ADDED from src/main/AndroidManifest.xml:104:13-49
	android:name
		ADDED from src/main/AndroidManifest.xml:103:13-50
activity#com.rcs.nchumanity.ul.FeedbackActivity
ADDED from src/main/AndroidManifest.xml:105:9-107:52
	android:screenOrientation
		ADDED from src/main/AndroidManifest.xml:107:13-49
	android:name
		ADDED from src/main/AndroidManifest.xml:106:13-48
activity#com.rcs.nchumanity.ul.ChangePhoneNumberActivity
ADDED from src/main/AndroidManifest.xml:108:9-110:52
	android:screenOrientation
		ADDED from src/main/AndroidManifest.xml:110:13-49
	android:name
		ADDED from src/main/AndroidManifest.xml:109:13-57
activity#com.rcs.nchumanity.ul.ChangePasswordActivity
ADDED from src/main/AndroidManifest.xml:111:9-113:52
	android:screenOrientation
		ADDED from src/main/AndroidManifest.xml:113:13-49
	android:name
		ADDED from src/main/AndroidManifest.xml:112:13-54
activity#com.rcs.nchumanity.ul.list.CourseComplexListActivity
ADDED from src/main/AndroidManifest.xml:114:9-116:52
	android:screenOrientation
		ADDED from src/main/AndroidManifest.xml:116:13-49
	android:name
		ADDED from src/main/AndroidManifest.xml:115:13-62
activity#com.rcs.nchumanity.ul.detail.ObligatoryCourseInfoComplexDetailActivity
ADDED from src/main/AndroidManifest.xml:119:9-122:52
	android:screenOrientation
		ADDED from src/main/AndroidManifest.xml:122:13-49
	android:configChanges
		ADDED from src/main/AndroidManifest.xml:121:13-83
	android:name
		ADDED from src/main/AndroidManifest.xml:120:13-80
activity#com.rcs.nchumanity.ul.detail.ElectiveCourseInfoComplexDetailActivity
ADDED from src/main/AndroidManifest.xml:127:9-130:61
	android:screenOrientation
		ADDED from src/main/AndroidManifest.xml:130:13-49
	android:configChanges
		ADDED from src/main/AndroidManifest.xml:129:13-83
	android:name
		ADDED from src/main/AndroidManifest.xml:128:13-78
activity#com.rcs.nchumanity.ul.detail.SpecificInfoComplexListDetailActivity
ADDED from src/main/AndroidManifest.xml:137:9-140:61
	android:screenOrientation
		ADDED from src/main/AndroidManifest.xml:140:13-49
	android:configChanges
		ADDED from src/main/AndroidManifest.xml:139:13-83
	android:name
		ADDED from src/main/AndroidManifest.xml:138:13-76
activity#com.rcs.nchumanity.ul.OnlineAssessmentActivity
ADDED from src/main/AndroidManifest.xml:141:9-65
	android:name
		ADDED from src/main/AndroidManifest.xml:141:19-62
activity#com.rcs.nchumanity.ul.list.OfflineTrainClassListActivity
ADDED from src/main/AndroidManifest.xml:144:9-148:20
	android:screenOrientation
		ADDED from src/main/AndroidManifest.xml:146:13-49
	android:name
		ADDED from src/main/AndroidManifest.xml:145:13-66
activity#com.google.zxing.activity.CaptureActivity
ADDED from src/main/AndroidManifest.xml:154:9-156:61
	android:screenOrientation
		ADDED from src/main/AndroidManifest.xml:156:13-49
	android:name
		ADDED from src/main/AndroidManifest.xml:155:13-69
activity#com.rcs.nchumanity.ul.list.SpecificInfoComplexListActivity
ADDED from src/main/AndroidManifest.xml:159:9-161:52
	android:screenOrientation
		ADDED from src/main/AndroidManifest.xml:161:13-49
	android:name
		ADDED from src/main/AndroidManifest.xml:160:13-68
activity#com.rcs.nchumanity.wxapi.WXPayEntryActivity
ADDED from src/main/AndroidManifest.xml:167:9-176:20
	android:launchMode
		ADDED from src/main/AndroidManifest.xml:170:13-43
	android:exported
		ADDED from src/main/AndroidManifest.xml:169:13-36
	android:name
		ADDED from src/main/AndroidManifest.xml:168:13-53
intent-filter#action:name:android.intent.action.VIEW+category:name:android.intent.category.DEFAULT+data:scheme:你的appid
ADDED from src/main/AndroidManifest.xml:171:13-175:29
action#android.intent.action.VIEW
ADDED from src/main/AndroidManifest.xml:172:17-69
	android:name
		ADDED from src/main/AndroidManifest.xml:172:25-66
category#android.intent.category.DEFAULT
ADDED from src/main/AndroidManifest.xml:173:17-76
	android:name
		ADDED from src/main/AndroidManifest.xml:173:27-73
data
ADDED from src/main/AndroidManifest.xml:174:17-50
	android:scheme
		ADDED from src/main/AndroidManifest.xml:174:23-47
meta-data#com.baidu.lbsapi.API_KEY
ADDED from src/main/AndroidManifest.xml:181:9-183:64
	android:value
		ADDED from src/main/AndroidManifest.xml:183:13-61
	android:name
		ADDED from src/main/AndroidManifest.xml:182:13-52
meta-data#JPUSH_CHANNEL
ADDED from src/main/AndroidManifest.xml:190:9-192:49
	android:value
		ADDED from src/main/AndroidManifest.xml:192:13-46
	android:name
		ADDED from src/main/AndroidManifest.xml:191:13-41
meta-data#JPUSH_APPKEY
ADDED from src/main/AndroidManifest.xml:193:9-195:56
	android:value
		ADDED from src/main/AndroidManifest.xml:195:13-53
	android:name
		ADDED from src/main/AndroidManifest.xml:194:13-40
receiver#com.rcs.nchumanity.service.JG.MyReceiver
ADDED from src/main/AndroidManifest.xml:198:9-210:20
	android:enabled
		ADDED from src/main/AndroidManifest.xml:200:13-35
	android:exported
		ADDED from src/main/AndroidManifest.xml:201:13-37
	android:name
		ADDED from src/main/AndroidManifest.xml:199:13-50
intent-filter#action:name:cn.jpush.android.intent.CONNECTION+action:name:cn.jpush.android.intent.MESSAGE_RECEIVED+action:name:cn.jpush.android.intent.NOTIFICATION_OPENED+action:name:cn.jpush.android.intent.NOTIFICATION_RECEIVED+action:name:cn.jpush.android.intent.REGISTRATION+category:name:com.rcs.nchumanity
ADDED from src/main/AndroidManifest.xml:202:13-209:29
action#cn.jpush.android.intent.REGISTRATION
ADDED from src/main/AndroidManifest.xml:203:17-79
	android:name
		ADDED from src/main/AndroidManifest.xml:203:25-76
action#cn.jpush.android.intent.MESSAGE_RECEIVED
ADDED from src/main/AndroidManifest.xml:204:17-83
	android:name
		ADDED from src/main/AndroidManifest.xml:204:25-80
action#cn.jpush.android.intent.NOTIFICATION_RECEIVED
ADDED from src/main/AndroidManifest.xml:205:17-88
	android:name
		ADDED from src/main/AndroidManifest.xml:205:25-85
action#cn.jpush.android.intent.NOTIFICATION_OPENED
ADDED from src/main/AndroidManifest.xml:206:17-86
	android:name
		ADDED from src/main/AndroidManifest.xml:206:25-83
action#cn.jpush.android.intent.CONNECTION
ADDED from src/main/AndroidManifest.xml:207:17-77
	android:name
		ADDED from src/main/AndroidManifest.xml:207:25-74
category#com.rcs.nchumanity
ADDED from src/main/AndroidManifest.xml:208:17-63
	android:name
		ADDED from src/main/AndroidManifest.xml:208:27-60
receiver#cn.jpush.android.service.PushReceiver
ADDED from src/main/AndroidManifest.xml:214:9-233:20
	android:enabled
		ADDED from src/main/AndroidManifest.xml:216:13-35
	android:exported
		ADDED from src/main/AndroidManifest.xml:217:13-37
	android:name
		ADDED from src/main/AndroidManifest.xml:215:13-65
intent-filter#action:name:cn.jpush.android.intent.NOTIFICATION_RECEIVED_PROXY+category:name:com.rcs.nchumanity
ADDED from src/main/AndroidManifest.xml:218:13-221:29
	android:priority
		ADDED from src/main/AndroidManifest.xml:218:28-51
action#cn.jpush.android.intent.NOTIFICATION_RECEIVED_PROXY
ADDED from src/main/AndroidManifest.xml:219:17-94
	android:name
		ADDED from src/main/AndroidManifest.xml:219:25-91
intent-filter#action:name:android.intent.action.USER_PRESENT+action:name:android.net.conn.CONNECTIVITY_CHANGE
ADDED from src/main/AndroidManifest.xml:222:13-225:29
action#android.intent.action.USER_PRESENT
ADDED from src/main/AndroidManifest.xml:223:17-77
	android:name
		ADDED from src/main/AndroidManifest.xml:223:25-74
action#android.net.conn.CONNECTIVITY_CHANGE
ADDED from src/main/AndroidManifest.xml:224:17-79
	android:name
		ADDED from src/main/AndroidManifest.xml:224:25-76
intent-filter#action:name:android.intent.action.PACKAGE_ADDED+action:name:android.intent.action.PACKAGE_REMOVED+data:scheme:package
ADDED from src/main/AndroidManifest.xml:227:13-232:29
action#android.intent.action.PACKAGE_ADDED
ADDED from src/main/AndroidManifest.xml:228:17-78
	android:name
		ADDED from src/main/AndroidManifest.xml:228:25-75
action#android.intent.action.PACKAGE_REMOVED
ADDED from src/main/AndroidManifest.xml:229:17-80
	android:name
		ADDED from src/main/AndroidManifest.xml:229:25-77
receiver#cn.jpush.android.service.AlarmReceiver
ADDED from src/main/AndroidManifest.xml:236:9-238:40
	android:exported
		ADDED from src/main/AndroidManifest.xml:238:13-37
	android:name
		ADDED from src/main/AndroidManifest.xml:237:13-66
activity#cn.jpush.android.service.JNotifyActivity
ADDED from src/main/AndroidManifest.xml:241:9-250:20
	android:exported
		ADDED from src/main/AndroidManifest.xml:243:13-36
	android:theme
		ADDED from src/main/AndroidManifest.xml:245:13-72
	android:taskAffinity
		ADDED from src/main/AndroidManifest.xml:244:13-48
	android:name
		ADDED from src/main/AndroidManifest.xml:242:13-68
intent-filter#action:name:cn.jpush.android.intent.JNotifyActivity+category:name:com.rcs.nchumanity
ADDED from src/main/AndroidManifest.xml:246:13-249:29
action#cn.jpush.android.intent.JNotifyActivity
ADDED from src/main/AndroidManifest.xml:247:17-82
	android:name
		ADDED from src/main/AndroidManifest.xml:247:25-79
service#com.rcs.nchumanity.service.JG.PushService
ADDED from src/main/AndroidManifest.xml:254:9-260:19
	android:process
		ADDED from src/main/AndroidManifest.xml:256:13-40
	android:name
		ADDED from src/main/AndroidManifest.xml:255:13-51
intent-filter#action:name:cn.jiguang.user.service.action
ADDED from src/main/AndroidManifest.xml:257:13-259:29
action#cn.jiguang.user.service.action
ADDED from src/main/AndroidManifest.xml:258:17-73
	android:name
		ADDED from src/main/AndroidManifest.xml:258:25-70
activity#cn.jpush.android.ui.PopWinActivity
ADDED from src/main/AndroidManifest.xml:264:9-267:61
	android:exported
		ADDED from src/main/AndroidManifest.xml:266:13-37
	android:theme
		ADDED from src/main/AndroidManifest.xml:267:13-49
	android:name
		ADDED from src/main/AndroidManifest.xml:265:13-62
activity#cn.jpush.android.ui.PushActivity
ADDED from src/main/AndroidManifest.xml:270:9-281:20
	android:exported
		ADDED from src/main/AndroidManifest.xml:273:13-37
	android:configChanges
		ADDED from src/main/AndroidManifest.xml:272:13-63
	android:theme
		ADDED from src/main/AndroidManifest.xml:274:13-60
	android:name
		ADDED from src/main/AndroidManifest.xml:271:13-60
intent-filter#action:name:cn.jpush.android.ui.PushActivity+category:name:android.intent.category.DEFAULT+category:name:com.rcs.nchumanity
ADDED from src/main/AndroidManifest.xml:275:13-280:29
action#cn.jpush.android.ui.PushActivity
ADDED from src/main/AndroidManifest.xml:276:17-75
	android:name
		ADDED from src/main/AndroidManifest.xml:276:25-72
activity#com.rcs.nchumanity.ul.list.EmergencyComplexListActivity
ADDED from src/main/AndroidManifest.xml:282:9-74
	android:name
		ADDED from src/main/AndroidManifest.xml:282:19-71
activity#com.rcs.nchumanity.ul.basicMap.BasicMapChangeActivity
ADDED from src/main/AndroidManifest.xml:283:9-72
	android:name
		ADDED from src/main/AndroidManifest.xml:283:19-69
activity#com.rcs.nchumanity.ul.detail.OfflineTrainClassDetailActivity
ADDED from src/main/AndroidManifest.xml:284:9-79
	android:name
		ADDED from src/main/AndroidManifest.xml:284:19-76
activity#com.rcs.nchumanity.ul.WebLoadActivity
ADDED from src/main/AndroidManifest.xml:285:9-56
	android:name
		ADDED from src/main/AndroidManifest.xml:285:19-53
activity#com.rcs.nchumanity.ul.MailPostStatusActivity
ADDED from src/main/AndroidManifest.xml:286:9-63
	android:name
		ADDED from src/main/AndroidManifest.xml:286:19-60
service#cn.jpush.android.service.PushService
ADDED from src/main/AndroidManifest.xml:291:9-301:19
	android:process
		ADDED from src/main/AndroidManifest.xml:294:13-40
	android:exported
		ADDED from src/main/AndroidManifest.xml:293:13-37
	android:name
		ADDED from src/main/AndroidManifest.xml:292:13-64
intent-filter#action:name:cn.jpush.android.intent.PUSH_TIME+action:name:cn.jpush.android.intent.PushService+action:name:cn.jpush.android.intent.REGISTER+action:name:cn.jpush.android.intent.REPORT
ADDED from src/main/AndroidManifest.xml:295:13-300:29
action#cn.jpush.android.intent.REGISTER
ADDED from src/main/AndroidManifest.xml:296:17-75
	android:name
		ADDED from src/main/AndroidManifest.xml:296:25-72
action#cn.jpush.android.intent.REPORT
ADDED from src/main/AndroidManifest.xml:297:17-73
	android:name
		ADDED from src/main/AndroidManifest.xml:297:25-70
action#cn.jpush.android.intent.PushService
ADDED from src/main/AndroidManifest.xml:298:17-78
	android:name
		ADDED from src/main/AndroidManifest.xml:298:25-75
action#cn.jpush.android.intent.PUSH_TIME
ADDED from src/main/AndroidManifest.xml:299:17-76
	android:name
		ADDED from src/main/AndroidManifest.xml:299:25-73
provider#cn.jpush.android.service.DataProvider
ADDED from src/main/AndroidManifest.xml:303:9-307:43
	android:process
		ADDED from src/main/AndroidManifest.xml:307:13-40
	android:authorities
		ADDED from src/main/AndroidManifest.xml:305:13-66
	android:exported
		ADDED from src/main/AndroidManifest.xml:306:13-37
	android:name
		ADDED from src/main/AndroidManifest.xml:304:13-65
service#cn.jpush.android.service.DaemonService
ADDED from src/main/AndroidManifest.xml:311:9-320:19
	android:enabled
		ADDED from src/main/AndroidManifest.xml:313:13-35
	android:exported
		ADDED from src/main/AndroidManifest.xml:314:13-36
	android:name
		ADDED from src/main/AndroidManifest.xml:312:13-66
intent-filter#action:name:cn.jpush.android.intent.DaemonService+category:name:com.rcs.nchumanity
ADDED from src/main/AndroidManifest.xml:315:13-318:29
action#cn.jpush.android.intent.DaemonService
ADDED from src/main/AndroidManifest.xml:316:17-80
	android:name
		ADDED from src/main/AndroidManifest.xml:316:25-77
receiver#com.rcs.nchumanity.service.JG.MyJPushMessageReceiver
ADDED from src/main/AndroidManifest.xml:324:9-329:20
	android:name
		ADDED from src/main/AndroidManifest.xml:324:19-68
intent-filter#action:name:cn.jpush.android.intent.RECEIVE_MESSAGE+category:name:com.rcs.nchumanity
ADDED from src/main/AndroidManifest.xml:325:13-328:29
action#cn.jpush.android.intent.RECEIVE_MESSAGE
ADDED from src/main/AndroidManifest.xml:326:17-82
	android:name
		ADDED from src/main/AndroidManifest.xml:326:25-79
provider#cn.jpush.android.service.DownloadProvider
ADDED from src/main/AndroidManifest.xml:332:9-335:39
	android:authorities
		ADDED from src/main/AndroidManifest.xml:334:13-70
	android:exported
		ADDED from src/main/AndroidManifest.xml:335:13-36
	android:name
		ADDED from src/main/AndroidManifest.xml:333:13-69
permission#com.rcs.nchumanity.permission.JPUSH_MESSAGE
ADDED from src/main/AndroidManifest.xml:345:5-347:47
	android:protectionLevel
		ADDED from src/main/AndroidManifest.xml:347:9-44
	android:name
		ADDED from src/main/AndroidManifest.xml:346:9-67
uses-permission#com.rcs.nchumanity.permission.JPUSH_MESSAGE
ADDED from src/main/AndroidManifest.xml:350:5-83
	android:name
		ADDED from src/main/AndroidManifest.xml:350:22-80
uses-permission#android.permission.RECEIVE_USER_PRESENT
ADDED from src/main/AndroidManifest.xml:351:5-79
	android:name
		ADDED from src/main/AndroidManifest.xml:351:22-76
uses-permission#android.permission.READ_PHONE_STATE
ADDED from src/main/AndroidManifest.xml:352:5-75
	android:name
		ADDED from src/main/AndroidManifest.xml:352:22-72
uses-permission#android.permission.MOUNT_UNMOUNT_FILESYSTEMS
ADDED from src/main/AndroidManifest.xml:353:5-84
	android:name
		ADDED from src/main/AndroidManifest.xml:353:22-81
uses-permission#android.permission.ACCESS_NETWORK_STATE
ADDED from src/main/AndroidManifest.xml:354:5-79
	android:name
		ADDED from src/main/AndroidManifest.xml:354:22-76
uses-permission#android.permission.ACCESS_WIFI_STATE
ADDED from src/main/AndroidManifest.xml:355:5-76
	android:name
		ADDED from src/main/AndroidManifest.xml:355:22-73
uses-permission#android.permission.VIBRATE
ADDED from src/main/AndroidManifest.xml:359:5-66
MERGED from [:zxing-lib] AndroidManifest.xml:12:5-66
MERGED from [:zxing-lib] AndroidManifest.xml:12:5-66
	android:name
		ADDED from src/main/AndroidManifest.xml:359:22-63
uses-permission#android.permission.SYSTEM_ALERT_WINDOW
ADDED from src/main/AndroidManifest.xml:360:5-78
	android:name
		ADDED from src/main/AndroidManifest.xml:360:22-75
uses-permission#android.permission.ACCESS_FINE_LOCATION
ADDED from src/main/AndroidManifest.xml:361:5-79
	android:name
		ADDED from src/main/AndroidManifest.xml:361:22-76
uses-permission#android.permission.ACCESS_LOCATION_EXTRA_COMMANDS
ADDED from src/main/AndroidManifest.xml:362:5-89
	android:name
		ADDED from src/main/AndroidManifest.xml:362:22-86
uses-permission#android.permission.CHANGE_NETWORK_STATE
ADDED from src/main/AndroidManifest.xml:363:5-79
	android:name
		ADDED from src/main/AndroidManifest.xml:363:22-76
uses-permission#android.permission.GET_TASKS
ADDED from src/main/AndroidManifest.xml:364:5-68
	android:name
		ADDED from src/main/AndroidManifest.xml:364:22-65
uses-permission#android.permission.INTERNET
ADDED from src/main/AndroidManifest.xml:369:5-83
MERGED from [:zxing-lib] AndroidManifest.xml:11:5-67
MERGED from [:zxing-lib] AndroidManifest.xml:11:5-67
	android:name
		ADDED from src/main/AndroidManifest.xml:369:22-64
uses-permission#android.permission.READ_EXTERNAL_STORAGE
ADDED from src/main/AndroidManifest.xml:370:5-96
	android:name
		ADDED from src/main/AndroidManifest.xml:370:22-77
uses-permission#android.permission.WRITE_EXTERNAL_STORAGE
ADDED from src/main/AndroidManifest.xml:371:5-97
	android:name
		ADDED from src/main/AndroidManifest.xml:371:22-78
uses-permission#android.permission.CAMERA
ADDED from src/main/AndroidManifest.xml:372:5-81
MERGED from [:zxing-lib] AndroidManifest.xml:13:5-65
MERGED from [:zxing-lib] AndroidManifest.xml:13:5-65
	android:name
		ADDED from src/main/AndroidManifest.xml:372:22-62
uses-permission#android.permission.SEND_SMS
ADDED from src/main/AndroidManifest.xml:374:5-67
	android:name
		ADDED from src/main/AndroidManifest.xml:374:22-64
uses-permission#android.permission.FOREGROUND_SERVICE
ADDED from src/main/AndroidManifest.xml:375:5-93
	android:name
		ADDED from src/main/AndroidManifest.xml:375:22-74
uses-permission#com.android.launcher.permission.READ_SETTINGS
ADDED from src/main/AndroidManifest.xml:381:5-85
	android:name
		ADDED from src/main/AndroidManifest.xml:381:22-82